<?xml version="1.0" encoding="UTF-8"?>
<!DOCTYPE html PUBLIC "-//W3C//DTD XHTML 1.0 Strict//EN" "http://www.w3.org/TR/xhtml1/DTD/xhtml1-strict.dtd">
<html xmlns="http://www.w3.org/1999/xhtml">
<head>
    <title>社会化服务测试报告</title>
    <meta name="generator" content="HTMLTestRunner 0.8.2.1"/>
    <meta http-equiv="Content-Type" content="text/html; charset=UTF-8"/>
    <link href="http://libs.baidu.com/bootstrap/3.0.3/css/bootstrap.min.css" rel="stylesheet">
    <script src="http://libs.baidu.com/jquery/2.0.0/jquery.min.js"></script>
    <script src="http://libs.baidu.com/bootstrap/3.0.3/js/bootstrap.min.js"></script>
    
<style type="text/css" media="screen">
body        { font-family: Microsoft YaHei,Tahoma,arial,helvetica,sans-serif;padding: 20px; font-size: 80%; }
table       { font-size: 100%; }
/* -- heading ---------------------------------------------------------------------- */
.heading {
    margin-top: 0ex;
    margin-bottom: 1ex;
}
.heading .description {
    margin-top: 4ex;
    margin-bottom: 6ex;
}
/* -- report ------------------------------------------------------------------------ */
#total_row  { font-weight: bold; }
.passCase   { color: #5cb85c; }
.failCase   { color: #d9534f; font-weight: bold; }
.errorCase  { color: #f0ad4e; font-weight: bold; }
.hiddenRow  { display: none; }
.testcase   { margin-left: 2em; }
</style>

</head>
<body >
<script language="javascript" type="text/javascript">
output_list = Array();
/*level 调整增加只显示通过用例的分类 --Findyou
0:Summary //all hiddenRow
1:Failed  //pt hiddenRow, ft none
2:Pass    //pt none, ft hiddenRow
3:All     //pt none, ft none
4:Error
*/
function showCase(level) {
    trs = document.getElementsByTagName("tr");
    for (var i = 0; i < trs.length; i++) {
        tr = trs[i];
        id = tr.id;
        if (id.substr(0,2) == 'ft') {
            if (level == 2 || level == 0 ) {
                tr.className = 'hiddenRow';
            }
            else {
                tr.className = '';
            }
        }
        if (id.substr(0,2) == 'pt') {
            if (level < 2 || level ==4) {
                tr.className = 'hiddenRow';
            }
            else {
                tr.className = '';
            }
        }
    }
    //加入【详细】切换文字变化 --Findyou
    detail_class=document.getElementsByClassName('detail');
    //console.log(detail_class.length)
    if (level == 3) {
        for (var i = 0; i < detail_class.length; i++){
            detail_class[i].innerHTML="收起"
        }
    }
    else{
            for (var i = 0; i < detail_class.length; i++){
            detail_class[i].innerHTML="详细"
        }
    }
}
function showClassDetail(cid, count) {
    var id_list = Array(count);
    var toHide = 1;
    for (var i = 0; i < count; i++) {
        //ID修改 点 为 下划线 -Findyou
        tid0 = 't' + cid.substr(1) + '_' + (i+1);
        tid = 'f' + tid0;
        tr = document.getElementById(tid);
        if (!tr) {
            tid = 'p' + tid0;
            tr = document.getElementById(tid);
        }
        id_list[i] = tid;
        if (tr.className) {
            toHide = 0;
        }
    }
    for (var i = 0; i < count; i++) {
        tid = id_list[i];
        //修改点击无法收起的BUG，加入【详细】切换文字变化 --Findyou
        if (toHide) {
            document.getElementById(tid).className = 'hiddenRow';
            document.getElementById(cid).innerText = "详细"
        }
        else {
            document.getElementById(tid).className = '';
            document.getElementById(cid).innerText = "收起"
        }
    }
}
function html_escape(s) {
    s = s.replace(/&/g,'&amp;');
    s = s.replace(/</g,'&lt;');
    s = s.replace(/>/g,'&gt;');
    return s;
}
</script>
<div class='heading'>
<h4 style="font-family: Microsoft YaHei">社会化服务测试报告</h4>
<p class='attribute'><strong>测试人员 : </strong> 测试小小组</p>
<p class='attribute'><strong>开始时间 : </strong> 2020-02-14 15:09:30</p>
<p class='attribute'><strong>合计耗时 : </strong> 0:02:36.753323</p>
<p class='attribute'><strong>测试结果 : </strong> 共 6，失败 6，通过率= 0.00%</p>

<p class='description'>社会化服务测试报告</p>
</div>


<p id='show_detail_line'>
<a class="btn btn-primary" href='javascript:showCase(0)'>概要{ 0.00% }</a>
<a class="btn btn-warning" href='javascript:showCase(4)'>错误{ 0 }</a>
<a class="btn btn-danger" href='javascript:showCase(1)'>失败{ 6 }</a>
<a class="btn btn-success" href='javascript:showCase(2)'>通过{ 0 }</a>
<a class="btn btn-info" href='javascript:showCase(3)'>所有{ 6 }</a>
</p>
<table id='result_table' class="table table-condensed table-bordered table-hover">
<colgroup>
<col align='left' />
<col align='right' />
<col align='right' />
<col align='right' />
<col align='right' />
<col align='right' />
<col align='right' />
</colgroup>
<tr id='header_row' class="text-center success" style="font-weight: bold;font-size: 14px;">
    <td>用例集/测试用例</td>
    <td>总计</td>
    <td>通过</td>
    <td>失败</td>
    <td>错误</td>
    <td>详细</td>
    <td>截图</td>
</tr>

<tr class='failClass warning'>
    <td>test_case.test_aplication_nj.TestApplication</td>
    <td class="text-center">3</td>
    <td class="text-center">0</td>
    <td class="text-center">3</td>
    <td class="text-center">0</td>
    <td class="text-center"><a href="javascript:showClassDetail('c1',3)" class="detail" id='c1'>详细</a></td>
    <td class="text-center">Assert or Error Image</td>
</tr>

<tr id='ft1_1' class='none'>
    <td class='failCase' width='300px'><div class='testcase'>test_add_application_1</div></td>
    <td colspan='5' align='left' width='600px'> <!--print 输出框位置-->
    <!--默认收起错误信息 -Findyou
    <button id='btn_ft1_1' type="button"  class="btn btn-danger btn-xs collapsed" data-toggle="collapse" data-target='#div_ft1_1'>失败</button>
    <div id='div_ft1_1' class="collapse">  -->
    <!-- 默认展开错误信息 -Findyou -->
    <button id='btn_ft1_1' type="button"  class="btn btn-danger btn-xs" data-toggle="collapse" data-target='#div_ft1_1'>失败</button>
    <div id='div_ft1_1' class="collapse in">
    <pre style="overflow-y:scroll; overflow-x:hidden;height:200px; width:600px; margin:auto; border:1px solid #e1e1e1;">
    
ft1_1: screenshot: 20200214_15.09.50 .png
Traceback (most recent call last):
  File "E:\shhfw\test_case\test_aplication_nj.py", line 26, in test_add_application
    a.add_application_action_nj(data['编号'],data['服务名称'],data['服务类型'],data['服务单价'],data['服务单位'],data['服务图片'],data['服务区域'])
  File "E:\shhfw\businessView\applicationView.py", line 73, in add_application_action_nj
    self.driver.find_element(*self.applicationName).send_keys(application_name)
selenium.common.exceptions.NoSuchElementException: Message: no such element: Unable to locate element: {"method":"xpath","selector":"/html/body/div[31]/div[2]/div/div/div[2]/form/div[1]/div/div/div/div/input"}
  (Session info: chrome=72.0.3626.121)
  (Driver info: chromedriver=72.0.3626.69 (3c16f8a135abc0d4da2dff33804db79b849a7c38),platform=Windows NT 10.0.10240 x86_64)


During handling of the above exception, another exception occurred:

Traceback (most recent call last):
  File "C:\Users\cpt\AppData\Local\Programs\Python\Python37\lib\site-packages\ddt.py", line 145, in wrapper
    return func(self, *args, **kwargs)
  File "E:\shhfw\test_case\test_aplication_nj.py", line 33, in test_add_application
    self.assertTrue(False)
AssertionError: False is not true


    </pre>
    </div>
    </td>
    <td align="right">
        <a  href="../screenshots/20200214_15.09.50.png">
            <img   src="../screenshots/20200214_15.09.50.png" height="200px" width="400px"/>
        </a>
    </td>
</tr>



<tr id='ft1_2' class='none'>
    <td class='failCase' width='300px'><div class='testcase'>test_add_application_2</div></td>
    <td colspan='5' align='left' width='600px'> <!--print 输出框位置-->
    <!--默认收起错误信息 -Findyou
    <button id='btn_ft1_2' type="button"  class="btn btn-danger btn-xs collapsed" data-toggle="collapse" data-target='#div_ft1_2'>失败</button>
    <div id='div_ft1_2' class="collapse">  -->
    <!-- 默认展开错误信息 -Findyou -->
    <button id='btn_ft1_2' type="button"  class="btn btn-danger btn-xs" data-toggle="collapse" data-target='#div_ft1_2'>失败</button>
    <div id='div_ft1_2' class="collapse in">
    <pre style="overflow-y:scroll; overflow-x:hidden;height:200px; width:600px; margin:auto; border:1px solid #e1e1e1;">
    
ft1_2: screenshot: 20200214_15.10.14 .png
Traceback (most recent call last):
  File "E:\shhfw\test_case\test_aplication_nj.py", line 26, in test_add_application
    a.add_application_action_nj(data['编号'],data['服务名称'],data['服务类型'],data['服务单价'],data['服务单位'],data['服务图片'],data['服务区域'])
  File "E:\shhfw\businessView\applicationView.py", line 73, in add_application_action_nj
    self.driver.find_element(*self.applicationName).send_keys(application_name)
selenium.common.exceptions.NoSuchElementException: Message: no such element: Unable to locate element: {"method":"xpath","selector":"/html/body/div[31]/div[2]/div/div/div[2]/form/div[1]/div/div/div/div/input"}
  (Session info: chrome=72.0.3626.121)
  (Driver info: chromedriver=72.0.3626.69 (3c16f8a135abc0d4da2dff33804db79b849a7c38),platform=Windows NT 10.0.10240 x86_64)


During handling of the above exception, another exception occurred:

Traceback (most recent call last):
  File "C:\Users\cpt\AppData\Local\Programs\Python\Python37\lib\site-packages\ddt.py", line 145, in wrapper
    return func(self, *args, **kwargs)
  File "E:\shhfw\test_case\test_aplication_nj.py", line 33, in test_add_application
    self.assertTrue(False)
AssertionError: False is not true


    </pre>
    </div>
    </td>
    <td align="right">
        <a  href="../screenshots/20200214_15.10.14.png">
            <img   src="../screenshots/20200214_15.10.14.png" height="200px" width="400px"/>
        </a>
    </td>
</tr>



<tr id='ft1_3' class='none'>
    <td class='failCase' width='300px'><div class='testcase'>test_add_application_3</div></td>
    <td colspan='5' align='left' width='600px'> <!--print 输出框位置-->
    <!--默认收起错误信息 -Findyou
    <button id='btn_ft1_3' type="button"  class="btn btn-danger btn-xs collapsed" data-toggle="collapse" data-target='#div_ft1_3'>失败</button>
    <div id='div_ft1_3' class="collapse">  -->
    <!-- 默认展开错误信息 -Findyou -->
    <button id='btn_ft1_3' type="button"  class="btn btn-danger btn-xs" data-toggle="collapse" data-target='#div_ft1_3'>失败</button>
    <div id='div_ft1_3' class="collapse in">
    <pre style="overflow-y:scroll; overflow-x:hidden;height:200px; width:600px; margin:auto; border:1px solid #e1e1e1;">
    
ft1_3: screenshot: 20200214_15.10.36 .png
Traceback (most recent call last):
  File "E:\shhfw\test_case\test_aplication_nj.py", line 26, in test_add_application
    a.add_application_action_nj(data['编号'],data['服务名称'],data['服务类型'],data['服务单价'],data['服务单位'],data['服务图片'],data['服务区域'])
  File "E:\shhfw\businessView\applicationView.py", line 73, in add_application_action_nj
    self.driver.find_element(*self.applicationName).send_keys(application_name)
selenium.common.exceptions.NoSuchElementException: Message: no such element: Unable to locate element: {"method":"xpath","selector":"/html/body/div[31]/div[2]/div/div/div[2]/form/div[1]/div/div/div/div/input"}
  (Session info: chrome=72.0.3626.121)
  (Driver info: chromedriver=72.0.3626.69 (3c16f8a135abc0d4da2dff33804db79b849a7c38),platform=Windows NT 10.0.10240 x86_64)


During handling of the above exception, another exception occurred:

Traceback (most recent call last):
  File "C:\Users\cpt\AppData\Local\Programs\Python\Python37\lib\site-packages\ddt.py", line 145, in wrapper
    return func(self, *args, **kwargs)
  File "E:\shhfw\test_case\test_aplication_nj.py", line 33, in test_add_application
    self.assertTrue(False)
AssertionError: False is not true


    </pre>
    </div>
    </td>
    <td align="right">
        <a  href="../screenshots/20200214_15.10.36.png">
            <img   src="../screenshots/20200214_15.10.36.png" height="200px" width="400px"/>
        </a>
    </td>
</tr>



<tr class='failClass warning'>
    <td>test_case_zf.test_processing_application.TestProcessingApplication</td>
    <td class="text-center">3</td>
    <td class="text-center">0</td>
    <td class="text-center">3</td>
    <td class="text-center">0</td>
    <td class="text-center"><a href="javascript:showClassDetail('c2',3)" class="detail" id='c2'>详细</a></td>
    <td class="text-center">Assert or Error Image</td>
</tr>

<tr id='ft2_1' class='none'>
    <td class='failCase' width='300px'><div class='testcase'>testAddOrder_1</div></td>
    <td colspan='5' align='left' width='600px'> <!--print 输出框位置-->
    <!--默认收起错误信息 -Findyou
    <button id='btn_ft2_1' type="button"  class="btn btn-danger btn-xs collapsed" data-toggle="collapse" data-target='#div_ft2_1'>失败</button>
    <div id='div_ft2_1' class="collapse">  -->
    <!-- 默认展开错误信息 -Findyou -->
    <button id='btn_ft2_1' type="button"  class="btn btn-danger btn-xs" data-toggle="collapse" data-target='#div_ft2_1'>失败</button>
    <div id='div_ft2_1' class="collapse in">
    <pre style="overflow-y:scroll; overflow-x:hidden;height:200px; width:600px; margin:auto; border:1px solid #e1e1e1;">
    
ft2_1: 


['', '', '']
screenshot: 20200214_15.11.08 .png
Traceback (most recent call last):
  File "E:\shhfw\test_case_zf\test_processing_application.py", line 45, in testAddOrder
    b.processing_application(li1[int(data['编号'])-1],data['是否通过'])
  File "E:\shhfw\businessView_zf\processing_application.py", line 34, in processing_application
    self.driver.find_element(*self.shyj).send_keys("意见")
selenium.common.exceptions.NoSuchElementException: Message: no such element: Unable to locate element: {"method":"xpath","selector":"/html/body/div[11]/div[2]/div/div/div[2]/div/div[2]/div/div[2]/form/div[2]/div/div/div/div/textarea"}
  (Session info: chrome=72.0.3626.121)
  (Driver info: chromedriver=72.0.3626.69 (3c16f8a135abc0d4da2dff33804db79b849a7c38),platform=Windows NT 10.0.10240 x86_64)


During handling of the above exception, another exception occurred:

Traceback (most recent call last):
  File "C:\Users\cpt\AppData\Local\Programs\Python\Python37\lib\site-packages\ddt.py", line 145, in wrapper
    return func(self, *args, **kwargs)
  File "E:\shhfw\test_case_zf\test_processing_application.py", line 53, in testAddOrder
    self.assertTrue(False)
AssertionError: False is not true


    </pre>
    </div>
    </td>
    <td align="right">
        <a  href="../screenshots/20200214_15.11.08.png">
            <img   src="../screenshots/20200214_15.11.08.png" height="200px" width="400px"/>
        </a>
    </td>
</tr>



<tr id='ft2_2' class='none'>
    <td class='failCase' width='300px'><div class='testcase'>testAddOrder_2</div></td>
    <td colspan='5' align='left' width='600px'> <!--print 输出框位置-->
    <!--默认收起错误信息 -Findyou
    <button id='btn_ft2_2' type="button"  class="btn btn-danger btn-xs collapsed" data-toggle="collapse" data-target='#div_ft2_2'>失败</button>
    <div id='div_ft2_2' class="collapse">  -->
    <!-- 默认展开错误信息 -Findyou -->
    <button id='btn_ft2_2' type="button"  class="btn btn-danger btn-xs" data-toggle="collapse" data-target='#div_ft2_2'>失败</button>
    <div id='div_ft2_2' class="collapse in">
    <pre style="overflow-y:scroll; overflow-x:hidden;height:200px; width:600px; margin:auto; border:1px solid #e1e1e1;">
    
ft2_2: 


['', '', '']
screenshot: 20200214_15.11.37 .png
Traceback (most recent call last):
  File "E:\shhfw\test_case_zf\test_processing_application.py", line 45, in testAddOrder
    b.processing_application(li1[int(data['编号'])-1],data['是否通过'])
  File "E:\shhfw\businessView_zf\processing_application.py", line 34, in processing_application
    self.driver.find_element(*self.shyj).send_keys("意见")
selenium.common.exceptions.NoSuchElementException: Message: no such element: Unable to locate element: {"method":"xpath","selector":"/html/body/div[11]/div[2]/div/div/div[2]/div/div[2]/div/div[2]/form/div[2]/div/div/div/div/textarea"}
  (Session info: chrome=72.0.3626.121)
  (Driver info: chromedriver=72.0.3626.69 (3c16f8a135abc0d4da2dff33804db79b849a7c38),platform=Windows NT 10.0.10240 x86_64)


During handling of the above exception, another exception occurred:

Traceback (most recent call last):
  File "C:\Users\cpt\AppData\Local\Programs\Python\Python37\lib\site-packages\ddt.py", line 145, in wrapper
    return func(self, *args, **kwargs)
  File "E:\shhfw\test_case_zf\test_processing_application.py", line 53, in testAddOrder
    self.assertTrue(False)
AssertionError: False is not true


    </pre>
    </div>
    </td>
    <td align="right">
        <a  href="../screenshots/20200214_15.11.37.png">
            <img   src="../screenshots/20200214_15.11.37.png" height="200px" width="400px"/>
        </a>
    </td>
</tr>



<tr id='ft2_3' class='none'>
    <td class='failCase' width='300px'><div class='testcase'>testAddOrder_3</div></td>
    <td colspan='5' align='left' width='600px'> <!--print 输出框位置-->
    <!--默认收起错误信息 -Findyou
    <button id='btn_ft2_3' type="button"  class="btn btn-danger btn-xs collapsed" data-toggle="collapse" data-target='#div_ft2_3'>失败</button>
    <div id='div_ft2_3' class="collapse">  -->
    <!-- 默认展开错误信息 -Findyou -->
    <button id='btn_ft2_3' type="button"  class="btn btn-danger btn-xs" data-toggle="collapse" data-target='#div_ft2_3'>失败</button>
    <div id='div_ft2_3' class="collapse in">
    <pre style="overflow-y:scroll; overflow-x:hidden;height:200px; width:600px; margin:auto; border:1px solid #e1e1e1;">
    
ft2_3: 


['', '', '']
screenshot: 20200214_15.12.06 .png
Traceback (most recent call last):
  File "E:\shhfw\test_case_zf\test_processing_application.py", line 45, in testAddOrder
    b.processing_application(li1[int(data['编号'])-1],data['是否通过'])
  File "E:\shhfw\businessView_zf\processing_application.py", line 34, in processing_application
    self.driver.find_element(*self.shyj).send_keys("意见")
selenium.common.exceptions.NoSuchElementException: Message: no such element: Unable to locate element: {"method":"xpath","selector":"/html/body/div[11]/div[2]/div/div/div[2]/div/div[2]/div/div[2]/form/div[2]/div/div/div/div/textarea"}
  (Session info: chrome=72.0.3626.121)
  (Driver info: chromedriver=72.0.3626.69 (3c16f8a135abc0d4da2dff33804db79b849a7c38),platform=Windows NT 10.0.10240 x86_64)


During handling of the above exception, another exception occurred:

Traceback (most recent call last):
  File "C:\Users\cpt\AppData\Local\Programs\Python\Python37\lib\site-packages\ddt.py", line 145, in wrapper
    return func(self, *args, **kwargs)
  File "E:\shhfw\test_case_zf\test_processing_application.py", line 53, in testAddOrder
    self.assertTrue(False)
AssertionError: False is not true


    </pre>
    </div>
    </td>
    <td align="right">
        <a  href="../screenshots/20200214_15.12.06.png">
            <img   src="../screenshots/20200214_15.12.06.png" height="200px" width="400px"/>
        </a>
    </td>
</tr>



<tr id='total_row' class="text-center active">
    <td>总计</td>
    <td>6</td>
    <td>0</td>
    <td>6</td>
    <td>0</td>
    <td>通过率：0.00%</td>
    <td> <a href="" target="_blank"></a></td>
</tr>
</table>

<div id='ending'>&nbsp;</div>
    <div style=" position:fixed;right:50px; bottom:30px; width:20px; height:20px;cursor:pointer">
    <a href="#"><span class="glyphicon glyphicon-eject" style = "font-size:30px;" aria-hidden="true">
    </span></a></div>
    
</body>
</html>
